{"level":"info","message":"Account-service running at port 5001","timestamp":"2025-08-14T17:33:34.165Z"}
{"level":"info","message":"Account-service running at port 5001","timestamp":"2025-08-14T17:37:06.011Z"}
{"level":"info","message":"Account-service running at port 5001","timestamp":"2025-08-14T17:37:11.656Z"}
{"level":"info","message":"Account-service running at port 5001","timestamp":"2025-08-14T17:37:15.397Z"}
{"level":"info","message":"Account-service running at port 5001","timestamp":"2025-08-14T17:37:39.194Z"}
{"level":"info","message":"Account-service running at port 5001","timestamp":"2025-08-14T17:37:49.318Z"}
{"level":"info","message":"Account-service running at port 5001","timestamp":"2025-08-14T17:38:09.683Z"}
{"level":"info","message":"Account-service running at port 5001","timestamp":"2025-08-14T17:38:14.352Z"}
{"level":"info","message":"Account-service running at port 5001","timestamp":"2025-08-14T17:38:19.944Z"}
{"level":"info","message":"Account-service running at port 5001","timestamp":"2025-08-14T17:38:47.859Z"}
{"level":"info","message":"Account-service running at port 5001","timestamp":"2025-08-14T17:40:08.681Z"}
{"level":"info","message":"Account-service running at port 5001","timestamp":"2025-08-14T17:41:09.468Z"}
{"level":"info","message":"Account-service running at port 5001","timestamp":"2025-08-14T17:41:15.401Z"}
{"level":"info","message":"Account-service running at port 5001","timestamp":"2025-08-14T17:41:18.120Z"}
{"level":"info","message":"Account-service running at port 5001","timestamp":"2025-08-14T17:41:37.218Z"}
{"level":"info","message":"Account-service running at port 5001","timestamp":"2025-08-14T17:41:40.164Z"}
{"level":"info","message":"Account-service running at port 5001","timestamp":"2025-08-14T17:41:48.934Z"}
{"level":"info","message":"Account-service running at port 5001","timestamp":"2025-08-14T17:41:50.496Z"}
{"level":"info","message":"Account-service running at port 5001","timestamp":"2025-08-14T17:42:37.505Z"}
{"level":"info","message":"Account-service running at port 5001","timestamp":"2025-08-14T17:43:10.413Z"}
{"level":"info","message":"Account-service running at port 5001","timestamp":"2025-08-14T17:43:15.540Z"}
{"level":"info","message":"Account-service running at port 5001","timestamp":"2025-08-14T17:44:11.720Z"}
{"level":"info","message":"Account-service running at port 5001","timestamp":"2025-08-14T17:44:33.329Z"}
{"level":"info","message":"Account-service running at port 5001","timestamp":"2025-08-14T17:45:17.474Z"}
{"level":"info","message":"Account-service running at port 5001","timestamp":"2025-08-14T17:45:29.718Z"}
{"level":"info","message":"Account-service running at port 5001","timestamp":"2025-08-14T17:45:34.486Z"}
{"level":"info","message":"Account-service running at port 5001","timestamp":"2025-08-14T17:45:39.949Z"}
{"level":"info","message":"Account-service running at port 5001","timestamp":"2025-08-14T17:45:42.763Z"}
{"level":"info","message":"Account-service running at port 5001","timestamp":"2025-08-14T17:46:02.146Z"}
{"level":"info","message":"Account-service running at port 5001","timestamp":"2025-08-14T17:52:17.794Z"}
{"level":"info","message":"Account-service running at port 5001","timestamp":"2025-08-14T18:00:06.995Z"}
{"level":"info","message":"Account-service running at port 5001","timestamp":"2025-08-14T18:00:47.037Z"}
{"level":"info","message":"Account-service running at port 5001","timestamp":"2025-08-14T18:01:06.460Z"}
{"level":"info","message":"Account-service running at port 5001","timestamp":"2025-08-14T18:04:08.575Z"}
{"level":"info","message":"Account-service running at port 5001","timestamp":"2025-08-14T18:04:12.762Z"}
{"level":"info","message":"Account-service running at port 5001","timestamp":"2025-08-14T18:04:19.440Z"}
{"level":"info","message":"Account-service running at port 5001","timestamp":"2025-08-14T18:04:26.179Z"}
{"level":"info","message":"Account-service running at port 5001","timestamp":"2025-08-14T18:04:32.254Z"}
{"level":"info","message":"Account-service running at port 5001","timestamp":"2025-08-14T18:04:51.806Z"}
{"level":"info","message":"Account-service running at port 5001","timestamp":"2025-08-14T18:04:58.270Z"}
{"level":"info","message":"Account-service running at port 5001","timestamp":"2025-08-14T18:05:07.586Z"}
{"level":"info","message":"Account-service running at port 5001","timestamp":"2025-08-14T18:05:52.724Z"}
{"level":"info","message":"Account-service running at port 5001","timestamp":"2025-08-14T18:05:59.026Z"}
{"level":"info","message":"Account-service running at port 5001","timestamp":"2025-08-14T18:06:08.230Z"}
{"level":"info","message":"Account-service running at port 5001","timestamp":"2025-08-14T18:06:11.880Z"}
{"level":"info","message":"Account-service running at port 5001","timestamp":"2025-08-14T18:06:28.881Z"}
{"level":"info","message":"Account-service running at port 5001","timestamp":"2025-08-14T18:09:00.997Z"}
{"level":"info","message":"Account-service running at port 5001","timestamp":"2025-08-14T18:09:38.223Z"}
{"level":"info","message":"Account-service running at port 5001","timestamp":"2025-08-14T18:13:05.144Z"}
{"level":"info","message":"Account-service running at port 5001","timestamp":"2025-08-14T18:13:09.272Z"}
{"level":"info","message":"Account-service running at port 5001","timestamp":"2025-08-14T18:13:13.499Z"}
{"level":"info","message":"Account-service running at port 5001","timestamp":"2025-08-14T18:13:17.917Z"}
{"level":"info","message":"Account-service running at port 5001","timestamp":"2025-08-14T18:13:36.644Z"}
{"level":"info","message":"Account-service running at port 5001","timestamp":"2025-08-14T18:13:46.510Z"}
{"level":"info","message":"Account-service running at port 5001","timestamp":"2025-08-14T18:13:51.667Z"}
{"level":"info","message":"Account-service running at port 5001","timestamp":"2025-08-14T18:13:55.903Z"}
{"level":"info","message":"Account-service running at port 5001","timestamp":"2025-08-14T18:13:58.966Z"}
{"level":"info","message":"Account-service running at port 5001","timestamp":"2025-08-14T18:14:04.494Z"}
{"level":"info","message":"Account-service running at port 5001","timestamp":"2025-08-14T18:14:12.108Z"}
{"level":"info","message":"Account-service running at port 5001","timestamp":"2025-08-14T18:14:25.286Z"}
{"level":"info","message":"Account-service running at port 5001","timestamp":"2025-08-14T18:14:30.131Z"}
{"level":"info","message":"Account-service running at port 5001","timestamp":"2025-08-14T18:14:39.975Z"}
{"level":"info","message":"Account-service running at port 5001","timestamp":"2025-08-14T18:14:42.998Z"}
{"level":"info","message":"Account-service running at port 5001","timestamp":"2025-08-14T18:14:48.976Z"}
{"level":"info","message":"Account-service running at port 5001","timestamp":"2025-08-14T18:14:52.845Z"}
{"level":"info","message":"Account-service running at port 5001","timestamp":"2025-08-14T18:15:02.977Z"}
{"level":"info","message":"Account-service running at port 5001","timestamp":"2025-08-14T18:15:12.006Z"}
{"level":"info","message":"Account-service running at port 5001","timestamp":"2025-08-14T18:15:15.069Z"}
{"level":"info","message":"Account-service running at port 5001","timestamp":"2025-08-14T18:15:27.340Z"}
{"level":"info","message":"Account-service running at port 5001","timestamp":"2025-08-14T18:15:30.293Z"}
{"level":"info","message":"Account-service running at port 5001","timestamp":"2025-08-14T18:15:34.448Z"}
{"level":"info","message":"Account-service running at port 5001","timestamp":"2025-08-14T18:15:47.713Z"}
{"level":"info","message":"Account-service running at port 5001","timestamp":"2025-08-14T18:15:51.172Z"}
{"level":"info","message":"Account-service running at port 5001","timestamp":"2025-08-14T18:16:05.912Z"}
{"level":"info","message":"Account-service running at port 5001","timestamp":"2025-08-14T18:16:15.705Z"}
{"level":"info","message":"Account-service running at port 5001","timestamp":"2025-08-14T18:16:25.331Z"}
{"level":"info","message":"Account-service running at port 5001","timestamp":"2025-08-14T18:16:48.287Z"}
{"level":"info","message":"Account-service running at port 5001","timestamp":"2025-08-14T18:17:10.334Z"}
{"level":"info","message":"Account-service running at port 5001","timestamp":"2025-08-14T18:17:12.823Z"}
{"level":"info","message":"Account-service running at port 5001","timestamp":"2025-08-14T18:17:16.444Z"}
{"level":"info","message":"Account-service running at port 5001","timestamp":"2025-08-14T18:17:22.381Z"}
{"level":"info","message":"Account-service running at port 5001","timestamp":"2025-08-14T18:17:25.588Z"}
{"level":"info","message":"Account-service running at port 5001","timestamp":"2025-08-14T18:17:30.571Z"}
{"level":"info","message":"Account-service running at port 5001","timestamp":"2025-08-14T18:17:45.265Z"}
{"level":"info","message":"Account-service running at port 5001","timestamp":"2025-08-14T18:17:52.040Z"}
{"level":"info","message":"Account-service running at port 5001","timestamp":"2025-08-14T18:18:02.167Z"}
{"level":"info","message":"Account-service running at port 5001","timestamp":"2025-08-14T18:18:13.674Z"}
{"level":"info","message":"Account-service running at port 5001","timestamp":"2025-08-14T18:18:15.946Z"}
{"level":"info","message":"Account-service running at port 5001","timestamp":"2025-08-14T18:18:29.072Z"}
{"level":"info","message":"Account-service running at port 5001","timestamp":"2025-08-14T18:18:39.222Z"}
{"level":"info","message":"Account-service running at port 5001","timestamp":"2025-08-14T18:18:48.011Z"}
{"level":"info","message":"Account-service running at port 5001","timestamp":"2025-08-14T18:18:50.839Z"}
{"level":"info","message":"Account-service running at port 5001","timestamp":"2025-08-14T18:18:53.087Z"}
{"level":"info","message":"Account-service running at port 5001","timestamp":"2025-08-14T18:19:18.616Z"}
{"level":"info","message":"Account-service running at port 5001","timestamp":"2025-08-14T18:19:20.998Z"}
{"level":"info","message":"Account-service running at port 5001","timestamp":"2025-08-14T18:19:31.868Z"}
{"level":"info","message":"Account-service running at port 5001","timestamp":"2025-08-14T18:19:39.461Z"}
{"level":"info","message":"Account-service running at port 5001","timestamp":"2025-08-14T18:19:56.924Z"}
{"level":"info","message":"Account-service running at port 5001","timestamp":"2025-08-14T18:20:02.384Z"}
{"level":"info","message":"Account-service running at port 5001","timestamp":"2025-08-14T18:20:15.491Z"}
{"level":"info","message":"Account-service running at port 5001","timestamp":"2025-08-14T18:20:18.723Z"}
{"level":"info","message":"Account-service running at port 5001","timestamp":"2025-08-14T18:20:36.725Z"}
{"level":"info","message":"Account-service running at port 5001","timestamp":"2025-08-14T18:20:43.140Z"}
{"level":"info","message":"Account-service running at port 5001","timestamp":"2025-08-14T18:20:52.536Z"}
{"level":"info","message":"Account-service running at port 5001","timestamp":"2025-08-14T18:20:58.717Z"}
{"level":"info","message":"Account-service running at port 5001","timestamp":"2025-08-14T18:21:13.472Z"}
{"level":"info","message":"Account-service running at port 5001","timestamp":"2025-08-14T18:21:34.670Z"}
{"level":"info","message":"Account-service running at port 5001","timestamp":"2025-08-14T18:21:39.558Z"}
{"level":"info","message":"Account-service running at port 5001","timestamp":"2025-08-14T18:21:41.816Z"}
{"level":"info","message":"Account-service running at port 5001","timestamp":"2025-08-14T18:21:44.453Z"}
{"level":"info","message":"Account-service running at port 5001","timestamp":"2025-08-14T18:21:48.308Z"}
{"level":"info","message":"Account-service running at port 5001","timestamp":"2025-08-14T18:21:53.545Z"}
{"level":"info","message":"Account-service running at port 5001","timestamp":"2025-08-14T18:21:56.050Z"}
{"level":"info","message":"Account-service running at port 5001","timestamp":"2025-08-14T18:22:10.732Z"}
{"level":"info","message":"Account-service running at port 5001","timestamp":"2025-08-14T18:22:14.567Z"}
{"level":"info","message":"Account-service running at port 5001","timestamp":"2025-08-14T18:22:17.091Z"}
{"level":"info","message":"Account-service running at port 5001","timestamp":"2025-08-14T18:22:20.269Z"}
{"level":"info","message":"Account-service running at port 5001","timestamp":"2025-08-14T18:23:47.810Z"}
{"level":"info","message":"Account-service running at port 5001","timestamp":"2025-08-14T18:23:59.129Z"}
{"level":"info","message":"Account-service running at port 5001","timestamp":"2025-08-14T18:24:19.467Z"}
{"level":"info","message":"Account-service running at port 5001","timestamp":"2025-08-14T18:24:24.883Z"}
{"level":"info","message":"Account-service running at port 5001","timestamp":"2025-08-14T18:24:31.733Z"}
{"level":"info","message":"Account-service running at port 5001","timestamp":"2025-08-14T18:24:36.301Z"}
{"level":"info","message":"Account-service running at port 5001","timestamp":"2025-08-14T18:24:40.119Z"}
{"level":"info","message":"Account-service running at port 5001","timestamp":"2025-08-14T18:24:43.703Z"}
{"level":"info","message":"Account-service running at port 5001","timestamp":"2025-08-14T18:24:48.293Z"}
{"level":"info","message":"Account-service running at port 5001","timestamp":"2025-08-14T18:24:54.161Z"}
{"level":"info","message":"Account-service running at port 5001","timestamp":"2025-08-14T18:25:00.048Z"}
{"level":"info","message":"Account-service running at port 5001","timestamp":"2025-08-14T18:25:04.655Z"}
{"level":"info","message":"Account-service running at port 5001","timestamp":"2025-08-14T18:25:14.356Z"}
{"level":"info","message":"Account-service running at port 5001","timestamp":"2025-08-14T18:25:19.780Z"}
{"level":"info","message":"Account-service running at port 5001","timestamp":"2025-08-14T18:25:24.875Z"}
{"level":"info","message":"Account-service running at port 5001","timestamp":"2025-08-14T18:25:31.701Z"}
{"level":"info","message":"Account-service running at port 5001","timestamp":"2025-08-14T18:25:36.650Z"}
{"level":"info","message":"Account-service running at port 5001","timestamp":"2025-08-14T18:25:40.669Z"}
{"level":"info","message":"Account-service running at port 5001","timestamp":"2025-08-14T18:25:45.438Z"}
{"level":"info","message":"Account-service running at port 5001","timestamp":"2025-08-14T18:25:49.592Z"}
{"level":"info","message":"Account-service running at port 5001","timestamp":"2025-08-14T18:25:53.554Z"}
{"level":"info","message":"Account-service running at port 5001","timestamp":"2025-08-14T18:25:59.290Z"}
{"level":"info","message":"Account-service running at port 5001","timestamp":"2025-08-14T18:26:04.361Z"}
{"level":"info","message":"Account-service running at port 5001","timestamp":"2025-08-14T18:26:09.198Z"}
{"level":"info","message":"Account-service running at port 5001","timestamp":"2025-08-14T18:26:18.009Z"}
{"level":"info","message":"Account-service running at port 5001","timestamp":"2025-08-14T18:26:22.562Z"}
{"level":"info","message":"Account-service running at port 5001","timestamp":"2025-08-14T18:26:26.914Z"}
{"level":"info","message":"Account-service running at port 5001","timestamp":"2025-08-14T18:26:42.912Z"}
{"level":"info","message":"Account-service running at port 5001","timestamp":"2025-08-14T18:26:45.763Z"}
{"level":"info","message":"Account-service running at port 5001","timestamp":"2025-08-14T18:26:50.790Z"}
{"level":"info","message":"Account-service running at port 5001","timestamp":"2025-08-14T18:27:01.164Z"}
{"level":"info","message":"Account-service running at port 5001","timestamp":"2025-08-14T18:27:10.800Z"}
{"level":"info","message":"Account-service running at port 5001","timestamp":"2025-08-14T18:27:15.759Z"}
{"level":"info","message":"Account-service running at port 5001","timestamp":"2025-08-14T18:27:22.532Z"}
{"level":"info","message":"Account-service running at port 5001","timestamp":"2025-08-14T18:27:28.321Z"}
{"level":"info","message":"Account-service running at port 5001","timestamp":"2025-08-14T18:27:38.852Z"}
{"level":"info","message":"Account-service running at port 5001","timestamp":"2025-08-14T18:27:47.004Z"}
{"level":"info","message":"Account-service running at port 5001","timestamp":"2025-08-14T18:27:56.056Z"}
{"level":"info","message":"Account-service running at port 5001","timestamp":"2025-08-14T18:28:00.424Z"}
{"level":"info","message":"Account-service running at port 5001","timestamp":"2025-08-14T18:28:08.780Z"}
{"level":"info","message":"Account-service running at port 5001","timestamp":"2025-08-14T18:28:12.142Z"}
{"level":"info","message":"Account-service running at port 5001","timestamp":"2025-08-14T18:28:17.309Z"}
{"level":"info","message":"Account-service running at port 5001","timestamp":"2025-08-14T18:28:22.847Z"}
{"level":"info","message":"Account-service running at port 5001","timestamp":"2025-08-14T18:28:33.179Z"}
{"level":"info","message":"Account-service running at port 5001","timestamp":"2025-08-14T18:28:38.116Z"}
{"level":"info","message":"Account-service running at port 5001","timestamp":"2025-08-14T18:28:47.894Z"}
{"level":"info","message":"Account-service running at port 5001","timestamp":"2025-08-14T18:30:23.459Z"}
{"level":"info","message":"Account-service running at port 5001","timestamp":"2025-08-14T18:30:29.938Z"}
{"level":"info","message":"Account-service running at port 5001","timestamp":"2025-08-14T18:30:34.650Z"}
{"level":"info","message":"Account-service running at port 5001","timestamp":"2025-08-14T18:30:42.596Z"}
{"level":"info","message":"Account-service running at port 5001","timestamp":"2025-08-14T18:31:07.647Z"}
{"level":"info","message":"Account-service running at port 5001","timestamp":"2025-08-14T18:31:12.463Z"}
{"level":"info","message":"Account-service running at port 5001","timestamp":"2025-08-14T18:31:17.968Z"}
{"level":"info","message":"Account-service running at port 5001","timestamp":"2025-08-14T18:31:22.009Z"}
{"level":"info","message":"Account-service running at port 5001","timestamp":"2025-08-14T18:31:28.829Z"}
{"level":"info","message":"Account-service running at port 5001","timestamp":"2025-08-14T18:31:40.836Z"}
{"level":"info","message":"Account-service running at port 5001","timestamp":"2025-08-14T18:32:00.983Z"}
{"level":"info","message":"Account-service running at port 5001","timestamp":"2025-08-14T18:32:04.878Z"}
{"level":"info","message":"Account-service running at port 5001","timestamp":"2025-08-14T18:32:17.561Z"}
{"level":"info","message":"Account-service running at port 5001","timestamp":"2025-08-14T18:32:20.841Z"}
{"level":"info","message":"Account-service running at port 5001","timestamp":"2025-08-14T18:32:24.630Z"}
{"level":"info","message":"Account-service running at port 5001","timestamp":"2025-08-14T18:32:30.661Z"}
{"level":"info","message":"Account-service running at port 5001","timestamp":"2025-08-14T18:32:40.503Z"}
{"level":"info","message":"Account-service running at port 5001","timestamp":"2025-08-14T18:32:48.489Z"}
{"level":"info","message":"Account-service running at port 5001","timestamp":"2025-08-14T18:32:52.820Z"}
{"level":"info","message":"Account-service running at port 5001","timestamp":"2025-08-14T18:33:01.633Z"}
{"level":"info","message":"Account-service running at port 5001","timestamp":"2025-08-14T18:33:08.807Z"}
{"level":"info","message":"Account-service running at port 5001","timestamp":"2025-08-14T18:33:14.648Z"}
{"level":"info","message":"Account-service running at port 5001","timestamp":"2025-08-14T18:33:20.947Z"}
{"level":"info","message":"Account-service running at port 5001","timestamp":"2025-08-14T18:33:30.138Z"}
{"level":"info","message":"Account-service running at port 5001","timestamp":"2025-08-14T18:33:33.263Z"}
{"level":"info","message":"Account-service running at port 5001","timestamp":"2025-08-14T18:33:42.585Z"}
{"level":"info","message":"Account-service running at port 5001","timestamp":"2025-08-14T18:33:45.685Z"}
{"level":"info","message":"Account-service running at port 5001","timestamp":"2025-08-14T18:33:49.581Z"}
{"level":"info","message":"Account-service running at port 5001","timestamp":"2025-08-14T18:33:54.681Z"}
{"level":"info","message":"Account-service running at port 5001","timestamp":"2025-08-14T18:34:00.462Z"}
{"level":"info","message":"Account-service running at port 5001","timestamp":"2025-08-14T18:34:11.218Z"}
{"level":"info","message":"Account-service running at port 5001","timestamp":"2025-08-14T18:34:17.403Z"}
{"level":"info","message":"Account-service running at port 5001","timestamp":"2025-08-14T18:34:24.451Z"}
{"level":"info","message":"Account-service running at port 5001","timestamp":"2025-08-14T18:34:28.160Z"}
{"level":"info","message":"Account-service running at port 5001","timestamp":"2025-08-14T18:34:32.074Z"}
{"level":"info","message":"Account-service running at port 5001","timestamp":"2025-08-14T18:34:36.408Z"}
{"level":"info","message":"Account-service running at port 5001","timestamp":"2025-08-14T18:34:42.977Z"}
{"level":"info","message":"Account-service running at port 5001","timestamp":"2025-08-14T18:34:47.982Z"}
{"level":"info","message":"Account-service running at port 5001","timestamp":"2025-08-14T18:34:54.150Z"}
{"level":"info","message":"Account-service running at port 5001","timestamp":"2025-08-14T18:35:07.138Z"}
{"level":"info","message":"Account-service running at port 5001","timestamp":"2025-08-14T18:35:14.776Z"}
{"level":"info","message":"Account-service running at port 5001","timestamp":"2025-08-14T18:35:23.955Z"}
{"level":"info","message":"Account-service running at port 5001","timestamp":"2025-08-14T18:35:26.901Z"}
{"level":"info","message":"Account-service running at port 5001","timestamp":"2025-08-14T18:35:33.522Z"}
{"level":"info","message":"Account-service running at port 5001","timestamp":"2025-08-14T18:35:44.654Z"}
{"level":"info","message":"Account-service running at port 5001","timestamp":"2025-08-14T18:35:48.763Z"}
{"level":"info","message":"Account-service running at port 5001","timestamp":"2025-08-14T18:35:56.491Z"}
{"level":"info","message":"Account-service running at port 5001","timestamp":"2025-08-14T18:35:58.944Z"}
{"level":"info","message":"Account-service running at port 5001","timestamp":"2025-08-14T18:36:18.277Z"}
{"level":"info","message":"Account-service running at port 5001","timestamp":"2025-08-14T18:36:27.687Z"}
{"level":"info","message":"Account-service running at port 5001","timestamp":"2025-08-14T18:36:34.414Z"}
{"level":"info","message":"Account-service running at port 5001","timestamp":"2025-08-14T18:36:41.765Z"}
{"level":"info","message":"Account-service running at port 5001","timestamp":"2025-08-14T18:37:57.659Z"}
{"level":"info","message":"Account-service running at port 5001","timestamp":"2025-08-14T18:38:01.433Z"}
{"level":"info","message":"Account-service running at port 5001","timestamp":"2025-08-14T18:38:19.197Z"}
{"level":"info","message":"Account-service running at port 5001","timestamp":"2025-08-14T18:39:31.198Z"}
{"level":"info","message":"Account-service running at port 5001","timestamp":"2025-08-14T18:39:36.001Z"}
{"level":"info","message":"Account-service running at port 5001","timestamp":"2025-08-14T18:39:43.639Z"}
{"level":"info","message":"Account-service running at port 5001","timestamp":"2025-08-14T18:39:51.778Z"}
{"level":"info","message":"Account-service running at port 5001","timestamp":"2025-08-14T18:39:54.213Z"}
{"level":"info","message":"Account-service running at port 5001","timestamp":"2025-08-14T18:40:55.313Z"}
{"level":"info","message":"Account-service running at port 5001","timestamp":"2025-08-14T18:41:12.672Z"}
{"level":"info","message":"Account-service running at port 5001","timestamp":"2025-08-14T18:43:38.950Z"}
{"level":"info","message":"Account-service running at port 5001","timestamp":"2025-08-14T18:44:03.836Z"}
{"level":"info","message":"Account-service running at port 5001","timestamp":"2025-08-14T18:44:11.529Z"}
{"level":"info","message":"Account-service running at port 5001","timestamp":"2025-08-14T18:48:23.675Z"}
{"level":"info","message":"accountRouter get request hit","timestamp":"2025-08-14T18:48:29.027Z"}
{"level":"info","message":"Account-service running at port 5001","timestamp":"2025-08-14T18:48:40.896Z"}
{"level":"error","message":"user details not found in the accounts table","timestamp":"2025-08-14T18:48:46.234Z"}
{"body":"{\r\n    \"accountType\":\"savings\",\r\n    \"initialBalance\":20000,\r\n}","expose":true,"level":"error","message":"Caught application level error:\n Expected double-quoted property name in JSON at position 62 (line 4 column 1)","stack":"SyntaxError: Expected double-quoted property name in JSON at position 62 (line 4 column 1)\n    at JSON.parse (<anonymous>)\n    at parse (C:\\Code\\RealTime_Personal_Finance_Dashboard\\server\\account-service\\node_modules\\body-parser\\lib\\types\\json.js:77:19)\n    at C:\\Code\\RealTime_Personal_Finance_Dashboard\\server\\account-service\\node_modules\\body-parser\\lib\\read.js:123:18\n    at AsyncResource.runInAsyncScope (node:async_hooks:211:14)\n    at invokeCallback (C:\\Code\\RealTime_Personal_Finance_Dashboard\\server\\account-service\\node_modules\\raw-body\\index.js:238:16)\n    at done (C:\\Code\\RealTime_Personal_Finance_Dashboard\\server\\account-service\\node_modules\\raw-body\\index.js:227:7)\n    at IncomingMessage.onEnd (C:\\Code\\RealTime_Personal_Finance_Dashboard\\server\\account-service\\node_modules\\raw-body\\index.js:287:7)\n    at IncomingMessage.emit (node:events:524:28)\n    at endReadableNT (node:internal/streams/readable:1698:12)\n    at process.processTicksAndRejections (node:internal/process/task_queues:90:21)","status":400,"statusCode":400,"timestamp":"2025-08-14T18:50:13.551Z","type":"entity.parse.failed"}
{"level":"info","message":"Account-service running at port 5001","timestamp":"2025-08-14T18:50:47.758Z"}
{"body":"{\r\n    \"accountType\":\"savings\",\r\n    \"initialBalance\":20000,\r\n}","expose":true,"level":"error","message":"Caught application level error:\n Expected double-quoted property name in JSON at position 62 (line 4 column 1)","stack":"SyntaxError: Expected double-quoted property name in JSON at position 62 (line 4 column 1)\n    at JSON.parse (<anonymous>)\n    at parse (C:\\Code\\RealTime_Personal_Finance_Dashboard\\server\\account-service\\node_modules\\body-parser\\lib\\types\\json.js:77:19)\n    at C:\\Code\\RealTime_Personal_Finance_Dashboard\\server\\account-service\\node_modules\\body-parser\\lib\\read.js:123:18\n    at AsyncResource.runInAsyncScope (node:async_hooks:211:14)\n    at invokeCallback (C:\\Code\\RealTime_Personal_Finance_Dashboard\\server\\account-service\\node_modules\\raw-body\\index.js:238:16)\n    at done (C:\\Code\\RealTime_Personal_Finance_Dashboard\\server\\account-service\\node_modules\\raw-body\\index.js:227:7)\n    at IncomingMessage.onEnd (C:\\Code\\RealTime_Personal_Finance_Dashboard\\server\\account-service\\node_modules\\raw-body\\index.js:287:7)\n    at IncomingMessage.emit (node:events:524:28)\n    at endReadableNT (node:internal/streams/readable:1698:12)\n    at process.processTicksAndRejections (node:internal/process/task_queues:90:21)","status":400,"statusCode":400,"timestamp":"2025-08-14T18:50:50.130Z","type":"entity.parse.failed"}
{"level":"info","message":"Account-service running at port 5001","timestamp":"2025-08-14T18:52:02.240Z"}
{"level":"info","message":"Account-service running at port 5001","timestamp":"2025-08-14T19:01:04.893Z"}
{"level":"info","message":"Account-service running at port 5001","timestamp":"2025-08-14T19:02:05.555Z"}
{"level":"info","message":"Account-service running at port 5001","timestamp":"2025-08-14T19:02:10.096Z"}
{"level":"info","message":"Account-service running at port 5001","timestamp":"2025-08-14T19:02:53.499Z"}
{"level":"info","message":"Account-service running at port 5001","timestamp":"2025-08-14T19:02:59.904Z"}
{"level":"info","message":"Account-service running at port 5001","timestamp":"2025-08-14T19:03:33.450Z"}
{"level":"info","message":"Account-service running at port 5001","timestamp":"2025-08-14T19:04:03.281Z"}
{"level":"info","message":"Account-service running at port 5001","timestamp":"2025-08-14T19:04:13.532Z"}
{"level":"info","message":"Account-service running at port 5001","timestamp":"2025-08-14T19:04:34.967Z"}
{"level":"info","message":"Account-service running at port 5001","timestamp":"2025-08-14T19:05:00.198Z"}
{"level":"info","message":"Account-service running at port 5001","timestamp":"2025-08-14T19:06:14.396Z"}
{"level":"info","message":"Account-service running at port 5001","timestamp":"2025-08-14T19:06:26.247Z"}
{"level":"info","message":"Account-service running at port 5001","timestamp":"2025-08-14T19:07:11.590Z"}
{"level":"error","message":"Error at create Account controller for user logger is not defined","stack":"ReferenceError: logger is not defined\n    at createAccountData (file:///C:/Code/RealTime_Personal_Finance_Dashboard/server/account-service/src/service/accountService.js:30:9)\n    at process.processTicksAndRejections (node:internal/process/task_queues:105:5)\n    at async createAccount (file:///C:/Code/RealTime_Personal_Finance_Dashboard/server/account-service/src/controllers/accountController.js:41:24)","timestamp":"2025-08-14T19:07:17.607Z"}
{"level":"info","message":"Account-service running at port 5001","timestamp":"2025-08-14T19:07:39.138Z"}
{"code":"23502","column":"id","detail":"Failing row contains (null, d7484bef-b0a5-4f62-be6b-7a1a9f291e00, savings, 20000.00, 2025-08-14 19:07:44.707904).","file":"execMain.c","length":277,"level":"error","line":"1972","message":"Error while inserting data into accounts table for user d7484bef-b0a5-4f62-be6b-7a1a9f291e00 null value in column \"id\" of relation \"accounts\" violates not-null constraint","name":"error","routine":"ExecConstraints","schema":"public","severity":"ERROR","stack":"error: null value in column \"id\" of relation \"accounts\" violates not-null constraint\n    at C:\\Code\\RealTime_Personal_Finance_Dashboard\\server\\account-service\\node_modules\\pg-pool\\index.js:45:11\n    at process.processTicksAndRejections (node:internal/process/task_queues:105:5)\n    at async createAccountData (file:///C:/Code/RealTime_Personal_Finance_Dashboard/server/account-service/src/service/accountService.js:27:24)\n    at async createAccount (file:///C:/Code/RealTime_Personal_Finance_Dashboard/server/account-service/src/controllers/accountController.js:41:24)","table":"accounts","timestamp":"2025-08-14T19:07:44.834Z"}
{"level":"error","message":"Unable to fill account table","timestamp":"2025-08-14T19:07:44.837Z"}
{"level":"info","message":"Account-service running at port 5001","timestamp":"2025-08-14T19:08:02.615Z"}
{"code":"23502","column":"id","detail":"Failing row contains (null, d7484bef-b0a5-4f62-be6b-7a1a9f291e00, savings, 20000.00, 2025-08-14 19:08:09.122009).","file":"execMain.c","length":277,"level":"error","line":"1972","message":"Error while inserting data into accounts table for user d7484bef-b0a5-4f62-be6b-7a1a9f291e00 null value in column \"id\" of relation \"accounts\" violates not-null constraint","name":"error","routine":"ExecConstraints","schema":"public","severity":"ERROR","stack":"error: null value in column \"id\" of relation \"accounts\" violates not-null constraint\n    at C:\\Code\\RealTime_Personal_Finance_Dashboard\\server\\account-service\\node_modules\\pg-pool\\index.js:45:11\n    at process.processTicksAndRejections (node:internal/process/task_queues:105:5)\n    at async createAccountData (file:///C:/Code/RealTime_Personal_Finance_Dashboard/server/account-service/src/service/accountService.js:27:24)\n    at async createAccount (file:///C:/Code/RealTime_Personal_Finance_Dashboard/server/account-service/src/controllers/accountController.js:41:24)","table":"accounts","timestamp":"2025-08-14T19:08:09.243Z"}
{"level":"error","message":"Unable to fill account table","timestamp":"2025-08-14T19:08:09.245Z"}
{"level":"info","message":"Account-service running at port 5001","timestamp":"2025-08-14T19:08:44.958Z"}
{"level":"info","message":"Account-service running at port 5001","timestamp":"2025-08-14T19:10:04.026Z"}
{"code":"23502","column":"id","detail":"Failing row contains (null, d7484bef-b0a5-4f62-be6b-7a1a9f291e00, savings, 20000.00, 2025-08-14 19:10:10.537875).","file":"execMain.c","length":277,"level":"error","line":"1972","message":"Error while inserting data into accounts table for user d7484bef-b0a5-4f62-be6b-7a1a9f291e00 null value in column \"id\" of relation \"accounts\" violates not-null constraint","name":"error","routine":"ExecConstraints","schema":"public","severity":"ERROR","stack":"error: null value in column \"id\" of relation \"accounts\" violates not-null constraint\n    at C:\\Code\\RealTime_Personal_Finance_Dashboard\\server\\account-service\\node_modules\\pg-pool\\index.js:45:11\n    at process.processTicksAndRejections (node:internal/process/task_queues:105:5)\n    at async createAccountData (file:///C:/Code/RealTime_Personal_Finance_Dashboard/server/account-service/src/service/accountService.js:28:24)\n    at async createAccount (file:///C:/Code/RealTime_Personal_Finance_Dashboard/server/account-service/src/controllers/accountController.js:41:24)","table":"accounts","timestamp":"2025-08-14T19:10:10.663Z"}
{"level":"error","message":"Unable to fill account table","timestamp":"2025-08-14T19:10:10.666Z"}
{"level":"info","message":"Account-service running at port 5001","timestamp":"2025-08-14T19:10:58.361Z"}
{"level":"info","message":"Account-service running at port 5001","timestamp":"2025-08-14T19:11:01.266Z"}
{"level":"info","message":"Account-service running at port 5001","timestamp":"2025-08-14T19:11:04.765Z"}
{"code":"42601","file":"analyze.c","length":116,"level":"error","line":"1035","message":"Error while inserting data into accounts table for user d7484bef-b0a5-4f62-be6b-7a1a9f291e00 INSERT has more target columns than expressions","name":"error","position":"58","routine":"transformInsertRow","severity":"ERROR","stack":"error: INSERT has more target columns than expressions\n    at C:\\Code\\RealTime_Personal_Finance_Dashboard\\server\\account-service\\node_modules\\pg-pool\\index.js:45:11\n    at process.processTicksAndRejections (node:internal/process/task_queues:105:5)\n    at async createAccountData (file:///C:/Code/RealTime_Personal_Finance_Dashboard/server/account-service/src/service/accountService.js:28:24)\n    at async createAccount (file:///C:/Code/RealTime_Personal_Finance_Dashboard/server/account-service/src/controllers/accountController.js:41:24)","timestamp":"2025-08-14T19:11:29.257Z"}
{"level":"error","message":"Unable to fill account table","timestamp":"2025-08-14T19:11:29.259Z"}
{"level":"info","message":"Account-service running at port 5001","timestamp":"2025-08-14T19:11:55.808Z"}
{"code":"42703","file":"parse_relation.c","hint":"Perhaps you meant to reference the column \"accounts.id\".","length":162,"level":"error","line":"3665","message":"Error while inserting data into accounts table for user d7484bef-b0a5-4f62-be6b-7a1a9f291e00 column \"uuid\" does not exist","name":"error","position":"82","routine":"errorMissingColumn","severity":"ERROR","stack":"error: column \"uuid\" does not exist\n    at C:\\Code\\RealTime_Personal_Finance_Dashboard\\server\\account-service\\node_modules\\pg-pool\\index.js:45:11\n    at process.processTicksAndRejections (node:internal/process/task_queues:105:5)\n    at async createAccountData (file:///C:/Code/RealTime_Personal_Finance_Dashboard/server/account-service/src/service/accountService.js:28:24)\n    at async createAccount (file:///C:/Code/RealTime_Personal_Finance_Dashboard/server/account-service/src/controllers/accountController.js:41:24)","timestamp":"2025-08-14T19:12:01.029Z"}
{"level":"error","message":"Unable to fill account table","timestamp":"2025-08-14T19:12:01.031Z"}
{"level":"info","message":"Account-service running at port 5001","timestamp":"2025-08-14T19:12:16.092Z"}
{"level":"info","message":"Account-service running at port 5001","timestamp":"2025-08-14T19:12:20.936Z"}
{"code":"23502","column":"id","detail":"Failing row contains (null, d7484bef-b0a5-4f62-be6b-7a1a9f291e00, savings, 20000.00, 2025-08-14 19:12:26.023432).","file":"execMain.c","length":277,"level":"error","line":"1972","message":"Error while inserting data into accounts table for user d7484bef-b0a5-4f62-be6b-7a1a9f291e00 null value in column \"id\" of relation \"accounts\" violates not-null constraint","name":"error","routine":"ExecConstraints","schema":"public","severity":"ERROR","stack":"error: null value in column \"id\" of relation \"accounts\" violates not-null constraint\n    at C:\\Code\\RealTime_Personal_Finance_Dashboard\\server\\account-service\\node_modules\\pg-pool\\index.js:45:11\n    at process.processTicksAndRejections (node:internal/process/task_queues:105:5)\n    at async createAccountData (file:///C:/Code/RealTime_Personal_Finance_Dashboard/server/account-service/src/service/accountService.js:28:24)\n    at async createAccount (file:///C:/Code/RealTime_Personal_Finance_Dashboard/server/account-service/src/controllers/accountController.js:41:24)","table":"accounts","timestamp":"2025-08-14T19:12:26.138Z"}
{"level":"error","message":"Unable to fill account table","timestamp":"2025-08-14T19:12:26.139Z"}
{"level":"info","message":"Account-service running at port 5001","timestamp":"2025-08-14T19:14:16.078Z"}
{"level":"info","message":"Account-service running at port 5001","timestamp":"2025-08-14T19:14:50.393Z"}
{"level":"info","message":"Account-service running at port 5001","timestamp":"2025-08-14T19:14:55.095Z"}
{"level":"info","message":"Account-service running at port 5001","timestamp":"2025-08-14T19:14:59.609Z"}
{"level":"info","message":"Account-service running at port 5001","timestamp":"2025-08-14T19:15:03.268Z"}
{"level":"info","message":"Account-service running at port 5001","timestamp":"2025-08-14T19:15:07.431Z"}
{"level":"info","message":"Account-service running at port 5001","timestamp":"2025-08-14T19:15:11.353Z"}
{"level":"info","message":"Account-service running at port 5001","timestamp":"2025-08-14T19:15:18.876Z"}
{"level":"info","message":"Account-service running at port 5001","timestamp":"2025-08-14T19:15:21.781Z"}
{"level":"info","message":"Account-service running at port 5001","timestamp":"2025-08-14T19:15:28.159Z"}
{"level":"info","message":"Account-service running at port 5001","timestamp":"2025-08-14T19:15:35.495Z"}
{"level":"info","message":"Account-service running at port 5001","timestamp":"2025-08-14T19:15:40.302Z"}
{"level":"info","message":"Account-service running at port 5001","timestamp":"2025-08-14T19:15:46.345Z"}
{"level":"info","message":"Account-service running at port 5001","timestamp":"2025-08-14T19:15:55.022Z"}
{"level":"info","message":"Account-service running at port 5001","timestamp":"2025-08-14T19:17:28.861Z"}
{"level":"info","message":"Account-service running at port 5001","timestamp":"2025-08-14T19:17:49.368Z"}
{"level":"info","message":"Account-service running at port 5001","timestamp":"2025-08-14T19:17:57.366Z"}
{"account_type":"savings","balance":"20000.00","created_at":"2025-08-14T13:49:17.498Z","id":"824084d0-091f-4fdd-bc2c-93b07a2169af","level":"info","message":"User's d7484bef-b0a5-4f62-be6b-7a1a9f291e00 account details are successfully stored","timestamp":"2025-08-14T19:19:17.659Z"}
{"account_type":"credit card","balance":"40000.00","created_at":"2025-08-14T13:50:53.059Z","id":"b56f5ea8-577c-485b-9d27-f1ee75df2f97","level":"info","message":"User's d7484bef-b0a5-4f62-be6b-7a1a9f291e00 account details are successfully stored","timestamp":"2025-08-14T19:20:53.180Z"}
{"level":"error","message":"user details not found in the accounts table","timestamp":"2025-08-14T19:21:18.794Z"}
{"level":"error","message":"user details not found in the accounts table","timestamp":"2025-08-14T19:21:25.937Z"}
{"account_type":"loan","balance":"100000.00","created_at":"2025-08-14T13:51:55.238Z","id":"7996e26b-b86d-4628-a6f9-6edb08b3844a","level":"info","message":"User's d7484bef-b0a5-4f62-be6b-7a1a9f291e00 account details are successfully stored","timestamp":"2025-08-14T19:21:55.362Z"}
{"level":"error","message":"user details not found in the accounts table","timestamp":"2025-08-14T19:23:26.933Z"}
{"level":"info","message":"Account-service running at port 5001","timestamp":"2025-08-14T19:24:14.347Z"}
{"level":"info","message":"Account-service running at port 5001","timestamp":"2025-08-14T19:24:34.745Z"}
{"level":"info","message":"Account-service running at port 5001","timestamp":"2025-08-14T19:24:38.764Z"}
{"level":"info","message":"Account-service running at port 5001","timestamp":"2025-08-14T19:24:48.776Z"}
{"level":"info","message":"Account-service running at port 5001","timestamp":"2025-08-14T19:24:51.754Z"}
{"level":"info","message":"Account-service running at port 5001","timestamp":"2025-08-14T19:25:13.241Z"}
{"level":"error","message":"user details not found in the accounts table","timestamp":"2025-08-14T19:25:17.857Z"}
{"level":"info","message":"Account-service running at port 5001","timestamp":"2025-08-14T19:26:31.661Z"}
{"0":{"account_type":"loan","balance":"100000.00","created_at":"2025-08-14T13:51:55.238Z","id":"7996e26b-b86d-4628-a6f9-6edb08b3844a"},"1":{"account_type":"credit card","balance":"40000.00","created_at":"2025-08-14T13:50:53.059Z","id":"b56f5ea8-577c-485b-9d27-f1ee75df2f97"},"2":{"account_type":"savings","balance":"20000.00","created_at":"2025-08-14T13:49:17.498Z","id":"824084d0-091f-4fdd-bc2c-93b07a2169af"},"level":"info","message":"Successfully fetched the details","timestamp":"2025-08-14T19:26:39.654Z"}
{"0":{"account_type":"loan","balance":"100000.00","created_at":"2025-08-14T13:51:55.238Z","id":"7996e26b-b86d-4628-a6f9-6edb08b3844a"},"1":{"account_type":"credit card","balance":"40000.00","created_at":"2025-08-14T13:50:53.059Z","id":"b56f5ea8-577c-485b-9d27-f1ee75df2f97"},"2":{"account_type":"savings","balance":"20000.00","created_at":"2025-08-14T13:49:17.498Z","id":"824084d0-091f-4fdd-bc2c-93b07a2169af"},"level":"info","message":"Successfully fetched the details","timestamp":"2025-08-14T19:27:49.137Z"}
{"0":{"account_type":"loan","balance":"100000.00","created_at":"2025-08-14T13:51:55.238Z","id":"7996e26b-b86d-4628-a6f9-6edb08b3844a"},"1":{"account_type":"credit card","balance":"40000.00","created_at":"2025-08-14T13:50:53.059Z","id":"b56f5ea8-577c-485b-9d27-f1ee75df2f97"},"2":{"account_type":"savings","balance":"20000.00","created_at":"2025-08-14T13:49:17.498Z","id":"824084d0-091f-4fdd-bc2c-93b07a2169af"},"level":"info","message":"Successfully fetched the details","timestamp":"2025-08-14T19:29:18.853Z"}
{"level":"info","message":"Account-service running at port 5001","timestamp":"2025-08-14T19:29:40.303Z"}
{"level":"info","message":"Account-service running at port 5001","timestamp":"2025-08-14T19:35:41.059Z"}
{"level":"info","message":"Account-service running at port 5001","timestamp":"2025-08-14T19:35:53.174Z"}
{"level":"info","message":"Account-service running at port 5001","timestamp":"2025-08-14T19:36:01.063Z"}
{"level":"info","message":"Account-service running at port 5001","timestamp":"2025-08-14T19:36:04.461Z"}
{"level":"info","message":"Account-service running at port 5001","timestamp":"2025-08-14T19:36:13.510Z"}
{"level":"info","message":"Account-service running at port 5001","timestamp":"2025-08-14T19:36:19.479Z"}
{"level":"info","message":"Account-service running at port 5001","timestamp":"2025-08-14T19:36:29.231Z"}
{"level":"info","message":"Account-service running at port 5001","timestamp":"2025-08-14T19:36:35.885Z"}
{"level":"info","message":"Account-service running at port 5001","timestamp":"2025-08-14T19:36:46.507Z"}
{"level":"info","message":"Account-service running at port 5001","timestamp":"2025-08-14T19:36:50.717Z"}
{"level":"info","message":"Account-service running at port 5001","timestamp":"2025-08-14T19:37:23.377Z"}
{"level":"info","message":"Account-service running at port 5001","timestamp":"2025-08-14T19:37:42.881Z"}
{"level":"info","message":"Account-service running at port 5001","timestamp":"2025-08-14T19:39:05.221Z"}
{"0":{"account_type":"loan","balance":"100000.00","created_at":"2025-08-14T13:51:55.238Z","id":"7996e26b-b86d-4628-a6f9-6edb08b3844a"},"1":{"account_type":"credit card","balance":"40000.00","created_at":"2025-08-14T13:50:53.059Z","id":"b56f5ea8-577c-485b-9d27-f1ee75df2f97"},"2":{"account_type":"savings","balance":"20000.00","created_at":"2025-08-14T13:49:17.498Z","id":"824084d0-091f-4fdd-bc2c-93b07a2169af"},"level":"info","message":"Successfully fetched the details","timestamp":"2025-08-14T19:39:12.670Z"}
{"0":{"account_type":"loan","balance":"100000.00","created_at":"2025-08-14T13:51:55.238Z","id":"7996e26b-b86d-4628-a6f9-6edb08b3844a"},"1":{"account_type":"credit card","balance":"40000.00","created_at":"2025-08-14T13:50:53.059Z","id":"b56f5ea8-577c-485b-9d27-f1ee75df2f97"},"2":{"account_type":"savings","balance":"20000.00","created_at":"2025-08-14T13:49:17.498Z","id":"824084d0-091f-4fdd-bc2c-93b07a2169af"},"level":"info","message":"Successfully fetched the details","timestamp":"2025-08-14T19:43:18.830Z"}
{"0":{"account_type":"loan","balance":"100000.00","created_at":"2025-08-14T13:51:55.238Z","id":"7996e26b-b86d-4628-a6f9-6edb08b3844a"},"1":{"account_type":"credit card","balance":"40000.00","created_at":"2025-08-14T13:50:53.059Z","id":"b56f5ea8-577c-485b-9d27-f1ee75df2f97"},"2":{"account_type":"savings","balance":"20000.00","created_at":"2025-08-14T13:49:17.498Z","id":"824084d0-091f-4fdd-bc2c-93b07a2169af"},"level":"info","message":"Successfully fetched the details","timestamp":"2025-08-14T19:45:39.020Z"}
{"0":{"account_type":"loan","balance":"100000.00","created_at":"2025-08-14T13:51:55.238Z","id":"7996e26b-b86d-4628-a6f9-6edb08b3844a"},"1":{"account_type":"credit card","balance":"40000.00","created_at":"2025-08-14T13:50:53.059Z","id":"b56f5ea8-577c-485b-9d27-f1ee75df2f97"},"2":{"account_type":"savings","balance":"20000.00","created_at":"2025-08-14T13:49:17.498Z","id":"824084d0-091f-4fdd-bc2c-93b07a2169af"},"level":"info","message":"Successfully fetched the details","timestamp":"2025-08-14T19:45:50.677Z"}
{"0":{"account_type":"loan","balance":"100000.00","created_at":"2025-08-14T13:51:55.238Z","id":"7996e26b-b86d-4628-a6f9-6edb08b3844a"},"1":{"account_type":"credit card","balance":"40000.00","created_at":"2025-08-14T13:50:53.059Z","id":"b56f5ea8-577c-485b-9d27-f1ee75df2f97"},"2":{"account_type":"savings","balance":"20000.00","created_at":"2025-08-14T13:49:17.498Z","id":"824084d0-091f-4fdd-bc2c-93b07a2169af"},"level":"info","message":"Successfully fetched the details","timestamp":"2025-08-14T19:46:03.175Z"}
{"0":{"account_type":"loan","balance":"100000.00","created_at":"2025-08-14T13:51:55.238Z","id":"7996e26b-b86d-4628-a6f9-6edb08b3844a"},"1":{"account_type":"credit card","balance":"40000.00","created_at":"2025-08-14T13:50:53.059Z","id":"b56f5ea8-577c-485b-9d27-f1ee75df2f97"},"2":{"account_type":"savings","balance":"20000.00","created_at":"2025-08-14T13:49:17.498Z","id":"824084d0-091f-4fdd-bc2c-93b07a2169af"},"level":"info","message":"Successfully fetched the details","timestamp":"2025-08-14T19:46:36.945Z"}
{"0":{"account_type":"loan","balance":"100000.00","created_at":"2025-08-14T13:51:55.238Z","id":"7996e26b-b86d-4628-a6f9-6edb08b3844a"},"1":{"account_type":"credit card","balance":"40000.00","created_at":"2025-08-14T13:50:53.059Z","id":"b56f5ea8-577c-485b-9d27-f1ee75df2f97"},"2":{"account_type":"savings","balance":"20000.00","created_at":"2025-08-14T13:49:17.498Z","id":"824084d0-091f-4fdd-bc2c-93b07a2169af"},"level":"info","message":"Successfully fetched the details","timestamp":"2025-08-14T19:49:39.705Z"}
